<?xml version="1.0" encoding="UTF-8"?>
<!-- Generated by org.testng.reporters.JUnitReportReporter -->
<testsuite hostname="ATMECSINDT-003" failures="0" tests="1" name="com.atmecs.demosite.homepage.Homepage" time="0.854" errors="0" timestamp="2020-03-12T19:12:41 IST" skipped="0">
  <testcase classname="com.atmecs.demosite.homepage.Homepage" name="homePage" time="0.854"/>
</testsuite> <!-- com.atmecs.demosite.homepage.Homepage -->
