<?xml version="1.0" encoding="UTF-8"?>
<!-- Generated by org.testng.reporters.JUnitReportReporter -->
<testsuite skipped="0" hostname="Lenovo" name="com.atmecs.ninja.testbase.TestBase2" tests="1" failures="0" timestamp="2020-08-11T11:48:23 IST" time="38.753" errors="0">
  <testcase name="parallelBrowser2" time="38.753" classname="com.atmecs.ninja.testbase.TestBase2"/>
  <system-out/>
</testsuite> <!-- com.atmecs.ninja.testbase.TestBase2 -->
