<?xml version="1.0" encoding="UTF-8"?>
<!-- Generated by org.testng.reporters.JUnitReportReporter -->
<testsuite skipped="0" hostname="Lenovo" name="com.atmecs.ninja.testbase.TestBase" tests="1" failures="0" timestamp="2020-08-11T11:48:23 IST" time="37.983" errors="0">
  <testcase name="parallelBrowser1" time="37.983" classname="com.atmecs.ninja.testbase.TestBase"/>
  <system-out/>
</testsuite> <!-- com.atmecs.ninja.testbase.TestBase -->
